Warning[205] C:\USERS\LUCIO\ONEDRIVE\DOCUMENTOS\PICS\SEM·FORO\MAIN.ASM 1 : Found directive in column 1. (__CONFIG)
Warning[205] C:\USERS\LUCIO\ONEDRIVE\DOCUMENTOS\PICS\SEM·FORO\MAIN.ASM 15 : Found directive in column 1. (PROCESSOR)
Warning[205] C:\USERS\LUCIO\ONEDRIVE\DOCUMENTOS\PICS\SEM·FORO\MAIN.ASM 24 : Found directive in column 1. (ORG)
Warning[203] C:\USERS\LUCIO\ONEDRIVE\DOCUMENTOS\PICS\SEM·FORO\MAIN.ASM 26 : Found opcode in column 1. (BSF)
Warning[203] C:\USERS\LUCIO\ONEDRIVE\DOCUMENTOS\PICS\SEM·FORO\MAIN.ASM 27 : Found opcode in column 1. (MOVLW)
Warning[203] C:\USERS\LUCIO\ONEDRIVE\DOCUMENTOS\PICS\SEM·FORO\MAIN.ASM 28 : Found opcode in column 1. (MOVWF)
Message[302] C:\USERS\LUCIO\ONEDRIVE\DOCUMENTOS\PICS\SEM·FORO\MAIN.ASM 28 : Register in operand not in bank 0.  Ensure that bank bits are correct.
Warning[203] C:\USERS\LUCIO\ONEDRIVE\DOCUMENTOS\PICS\SEM·FORO\MAIN.ASM 30 : Found opcode in column 1. (CLRF)
Message[302] C:\USERS\LUCIO\ONEDRIVE\DOCUMENTOS\PICS\SEM·FORO\MAIN.ASM 30 : Register in operand not in bank 0.  Ensure that bank bits are correct.
Warning[203] C:\USERS\LUCIO\ONEDRIVE\DOCUMENTOS\PICS\SEM·FORO\MAIN.ASM 31 : Found opcode in column 1. (BCF)
Warning[205] C:\USERS\LUCIO\ONEDRIVE\DOCUMENTOS\PICS\SEM·FORO\MAIN.ASM 34 : Found directive in column 1. (CBLOCK)
Warning[205] C:\USERS\LUCIO\ONEDRIVE\DOCUMENTOS\PICS\SEM·FORO\MAIN.ASM 39 : Found directive in column 1. (ENDC)
Warning[203] C:\USERS\LUCIO\ONEDRIVE\DOCUMENTOS\PICS\SEM·FORO\MAIN.ASM 69 : Found opcode in column 1. (MOVLW)
Warning[203] C:\USERS\LUCIO\ONEDRIVE\DOCUMENTOS\PICS\SEM·FORO\MAIN.ASM 70 : Found opcode in column 1. (MOVWF)
Message[302] C:\USERS\LUCIO\ONEDRIVE\DOCUMENTOS\PICS\SEM·FORO\MAIN.ASM 70 : Register in operand not in bank 0.  Ensure that bank bits are correct.
Warning[203] C:\USERS\LUCIO\ONEDRIVE\DOCUMENTOS\PICS\SEM·FORO\MAIN.ASM 71 : Found opcode in column 1. (MOVLW)
Warning[203] C:\USERS\LUCIO\ONEDRIVE\DOCUMENTOS\PICS\SEM·FORO\MAIN.ASM 72 : Found opcode in column 1. (MOVWF)
Warning[203] C:\USERS\LUCIO\ONEDRIVE\DOCUMENTOS\PICS\SEM·FORO\MAIN.ASM 73 : Found opcode in column 1. (CALL)
Warning[203] C:\USERS\LUCIO\ONEDRIVE\DOCUMENTOS\PICS\SEM·FORO\MAIN.ASM 74 : Found opcode in column 1. (CALL)
Warning[203] C:\USERS\LUCIO\ONEDRIVE\DOCUMENTOS\PICS\SEM·FORO\MAIN.ASM 77 : Found opcode in column 1. (MOVLW)
Warning[203] C:\USERS\LUCIO\ONEDRIVE\DOCUMENTOS\PICS\SEM·FORO\MAIN.ASM 78 : Found opcode in column 1. (MOVWF)
Message[302] C:\USERS\LUCIO\ONEDRIVE\DOCUMENTOS\PICS\SEM·FORO\MAIN.ASM 78 : Register in operand not in bank 0.  Ensure that bank bits are correct.
Warning[203] C:\USERS\LUCIO\ONEDRIVE\DOCUMENTOS\PICS\SEM·FORO\MAIN.ASM 79 : Found opcode in column 1. (MOVLW)
Warning[203] C:\USERS\LUCIO\ONEDRIVE\DOCUMENTOS\PICS\SEM·FORO\MAIN.ASM 80 : Found opcode in column 1. (MOVWF)
Warning[203] C:\USERS\LUCIO\ONEDRIVE\DOCUMENTOS\PICS\SEM·FORO\MAIN.ASM 81 : Found opcode in column 1. (CALL)
Warning[203] C:\USERS\LUCIO\ONEDRIVE\DOCUMENTOS\PICS\SEM·FORO\MAIN.ASM 82 : Found opcode in column 1. (CALL)
Warning[203] C:\USERS\LUCIO\ONEDRIVE\DOCUMENTOS\PICS\SEM·FORO\MAIN.ASM 86 : Found opcode in column 1. (MOVLW)
Warning[203] C:\USERS\LUCIO\ONEDRIVE\DOCUMENTOS\PICS\SEM·FORO\MAIN.ASM 87 : Found opcode in column 1. (MOVWF)
Message[302] C:\USERS\LUCIO\ONEDRIVE\DOCUMENTOS\PICS\SEM·FORO\MAIN.ASM 87 : Register in operand not in bank 0.  Ensure that bank bits are correct.
Warning[203] C:\USERS\LUCIO\ONEDRIVE\DOCUMENTOS\PICS\SEM·FORO\MAIN.ASM 88 : Found opcode in column 1. (MOVLW)
Warning[203] C:\USERS\LUCIO\ONEDRIVE\DOCUMENTOS\PICS\SEM·FORO\MAIN.ASM 89 : Found opcode in column 1. (MOVWF)
Warning[203] C:\USERS\LUCIO\ONEDRIVE\DOCUMENTOS\PICS\SEM·FORO\MAIN.ASM 90 : Found opcode in column 1. (CALL)
Warning[203] C:\USERS\LUCIO\ONEDRIVE\DOCUMENTOS\PICS\SEM·FORO\MAIN.ASM 91 : Found opcode in column 1. (CALL)
Warning[203] C:\USERS\LUCIO\ONEDRIVE\DOCUMENTOS\PICS\SEM·FORO\MAIN.ASM 96 : Found opcode in column 1. (MOVLW)
Warning[203] C:\USERS\LUCIO\ONEDRIVE\DOCUMENTOS\PICS\SEM·FORO\MAIN.ASM 97 : Found opcode in column 1. (MOVWF)
Message[302] C:\USERS\LUCIO\ONEDRIVE\DOCUMENTOS\PICS\SEM·FORO\MAIN.ASM 97 : Register in operand not in bank 0.  Ensure that bank bits are correct.
Warning[203] C:\USERS\LUCIO\ONEDRIVE\DOCUMENTOS\PICS\SEM·FORO\MAIN.ASM 98 : Found opcode in column 1. (MOVLW)
Warning[203] C:\USERS\LUCIO\ONEDRIVE\DOCUMENTOS\PICS\SEM·FORO\MAIN.ASM 99 : Found opcode in column 1. (MOVWF)
Warning[203] C:\USERS\LUCIO\ONEDRIVE\DOCUMENTOS\PICS\SEM·FORO\MAIN.ASM 100 : Found opcode in column 1. (CALL)
Warning[203] C:\USERS\LUCIO\ONEDRIVE\DOCUMENTOS\PICS\SEM·FORO\MAIN.ASM 101 : Found opcode in column 1. (CALL)
Warning[205] C:\USERS\LUCIO\ONEDRIVE\DOCUMENTOS\PICS\SEM·FORO\MAIN.ASM 166 : Found directive in column 1. (END)
